<?xml version="1.0" encoding="UTF-8"?>
<!-- Generated by org.testng.reporters.JUnitReportReporter -->
<testsuite hostname="Win10-2-221" failures="0" tests="1" name="testng.LoginWithTestNG" time="4.414" errors="0" timestamp="2022-01-04T22:49:36 IST" skipped="0">
  <testcase classname="testng.LoginWithTestNG" name="testCases" time="4.414"/>
  <system-out/>
</testsuite> <!-- testng.LoginWithTestNG -->
