<?xml version="1.0" encoding="UTF-8"?>
<!-- Generated by org.testng.reporters.JUnitReportReporter -->
<testsuite hostname="Win10-2-221" failures="0" tests="2" name="testng.DataDrivenTest" time="0.013" errors="0" timestamp="2022-01-04T22:49:36 IST" skipped="0">
  <testcase classname="testng.DataDrivenTest" name="DataDriven" time="0.004"/>
  <system-out/>
  <testcase classname="testng.DataDrivenTest" name="DataDriven" time="0.009"/>
  <system-out/>
</testsuite> <!-- testng.DataDrivenTest -->
