<?xml version="1.0" encoding="UTF-8"?>
<!-- Generated by org.testng.reporters.JUnitReportReporter -->
<testsuite hostname="Win10-2-221" failures="0" tests="2" name="testng.TestNGGeneratedClass" time="0.022" errors="0" timestamp="2022-01-04T22:49:53 IST" skipped="1">
  <testcase classname="testng.TestNGGeneratedClass" name="Test4" time="0.022"/>
  <system-out/>
  <testcase classname="testng.TestNGGeneratedClass" name="Test2">
    <skipped/>
  </testcase> <!-- Test2 -->
  <system-out/>
</testsuite> <!-- testng.TestNGGeneratedClass -->
